<?xml version="1.0" encoding="UTF-8"?>
<!-- Generated by org.testng.reporters.JUnitXMLReporter -->
<testsuite ignored="0" hostname="LAPTOP-8QI28HGD" failures="0" tests="4" name="Surefire test" time="0.066" errors="0" timestamp="2025-07-02T09:56:29 IST">
  <testcase classname="Package1.ContactTest" name="createcontactTest" time="0.006"/>
  <testcase classname="Package1.ContactTest" name="modifycontactTest" time="0.001"/>
  <testcase classname="Package2.OrgTest" name="createcOrgTest" time="0.001"/>
  <testcase classname="Package2.OrgTest" name="modifyOrgTest" time="0.0"/>
</testsuite> <!-- Surefire test -->
