<?xml version="1.0" encoding="UTF-8"?>
<!-- Generated by org.testng.reporters.JUnitXMLReporter -->
<testsuite ignored="6" hostname="LAPTOP-8QI28HGD" failures="0" tests="8" name="TestRunner-edge" time="106.3" errors="0" timestamp="2025-07-11T12:59:41 IST">
  <testcase classname="TestNg_Classes.TestNgCampaign" name="CreateCampaignProduct" time="10.847"/>
  <testcase classname="TestNg_Classes.TestNgCampaign" name="CreateProductPartNumber" time="9.532"/>
  <testcase classname="TestNg_Classes.TestNgProduct" name="CreateProductEmail" time="10.715"/>
  <testcase classname="TestNg_Classes.TestNgProduct" name="CreateProductVendername" time="9.257"/>
  <testcase classname="TestNg_Classes.TestNgTroubleticket" name="CreateTroubleticketContact" time="10.122"/>
  <testcase classname="TestNg_Classes.TestNgTroubleticket" name="CreateTroubleticketProduct" time="8.309"/>
  <testcase classname="TestNg_Classes.TestNgOpportiunity" name="CreateOpportiunityOrgname" time="7.235"/>
  <testcase classname="TestNg_Classes.TestNgOpportiunity" name="CreateOpportiunityPhone" time="10.658"/>
  <testcase classname="GenericUtilityClasses.BaseClass" name="@BeforeSuite configBS" time="0.0">
    <ignored/>
  </testcase> <!-- @BeforeSuite configBS -->
  <testcase classname="GenericUtilityClasses.BaseClass" name="@BeforeSuite configBS" time="0.0">
    <ignored/>
  </testcase> <!-- @BeforeSuite configBS -->
  <testcase classname="GenericUtilityClasses.BaseClass" name="@BeforeSuite configBS" time="0.0">
    <ignored/>
  </testcase> <!-- @BeforeSuite configBS -->
  <testcase classname="GenericUtilityClasses.BaseClass" name="@AfterSuite configAS" time="0.0">
    <ignored/>
  </testcase> <!-- @AfterSuite configAS -->
  <testcase classname="GenericUtilityClasses.BaseClass" name="@AfterSuite configAS" time="0.0">
    <ignored/>
  </testcase> <!-- @AfterSuite configAS -->
  <testcase classname="GenericUtilityClasses.BaseClass" name="@AfterSuite configAS" time="0.0">
    <ignored/>
  </testcase> <!-- @AfterSuite configAS -->
</testsuite> <!-- TestRunner-edge -->
