<?xml version="1.0" encoding="UTF-8"?>
<!-- Generated by org.testng.reporters.JUnitXMLReporter -->
<testsuite ignored="6" hostname="LAPTOP-8QI28HGD" failures="0" tests="8" name="TestRunner-chrome" time="104.958" errors="0" timestamp="2025-07-11T12:59:39 IST">
  <testcase classname="TestNg_Classes.TestNgCampaign" name="CreateCampaignProduct" time="10.056"/>
  <testcase classname="TestNg_Classes.TestNgCampaign" name="CreateProductPartNumber" time="10.046"/>
  <testcase classname="TestNg_Classes.TestNgProduct" name="CreateProductEmail" time="9.377"/>
  <testcase classname="TestNg_Classes.TestNgProduct" name="CreateProductVendername" time="11.221"/>
  <testcase classname="TestNg_Classes.TestNgTroubleticket" name="CreateTroubleticketContact" time="8.983"/>
  <testcase classname="TestNg_Classes.TestNgTroubleticket" name="CreateTroubleticketProduct" time="10.343"/>
  <testcase classname="TestNg_Classes.TestNgOpportiunity" name="CreateOpportiunityOrgname" time="6.761"/>
  <testcase classname="TestNg_Classes.TestNgOpportiunity" name="CreateOpportiunityPhone" time="9.276"/>
  <testcase classname="GenericUtilityClasses.BaseClass" name="@BeforeSuite configBS" time="0.0">
    <ignored/>
  </testcase> <!-- @BeforeSuite configBS -->
  <testcase classname="GenericUtilityClasses.BaseClass" name="@AfterSuite configAS" time="0.0">
    <ignored/>
  </testcase> <!-- @AfterSuite configAS -->
  <testcase classname="GenericUtilityClasses.BaseClass" name="@BeforeSuite configBS" time="0.0">
    <ignored/>
  </testcase> <!-- @BeforeSuite configBS -->
  <testcase classname="GenericUtilityClasses.BaseClass" name="@AfterSuite configAS" time="0.0">
    <ignored/>
  </testcase> <!-- @AfterSuite configAS -->
  <testcase classname="GenericUtilityClasses.BaseClass" name="@BeforeSuite configBS" time="0.0">
    <ignored/>
  </testcase> <!-- @BeforeSuite configBS -->
  <testcase classname="GenericUtilityClasses.BaseClass" name="@AfterSuite configAS" time="0.0">
    <ignored/>
  </testcase> <!-- @AfterSuite configAS -->
</testsuite> <!-- TestRunner-chrome -->
