<?xml version="1.0" encoding="UTF-8"?>
<!-- Generated by org.testng.reporters.JUnitXMLReporter -->
<testsuite ignored="6" hostname="LAPTOP-8QI28HGD" failures="0" tests="8" name="Test" time="81.879" errors="0" timestamp="2025-07-14T12:34:32 IST">
  <testcase classname="TestNg_Classes.TestNgCampaign" name="CreateCampaignProduct" time="7.25"/>
  <testcase classname="TestNg_Classes.TestNgCampaign" name="CreateProductPartNumber" time="8.317"/>
  <testcase classname="TestNg_Classes.TestNgProduct" name="CreateProductEmail" time="9.104"/>
  <testcase classname="TestNg_Classes.TestNgProduct" name="CreateProductVendername" time="7.729"/>
  <testcase classname="TestNg_Classes.TestNgTroubleticket" name="CreateTroubleticketContact" time="8.89"/>
  <testcase classname="TestNg_Classes.TestNgTroubleticket" name="CreateTroubleticketProduct" time="8.162"/>
  <testcase classname="TestNg_Classes.TestNgOpportiunity" name="CreateOpportiunityOrgname" time="5.679"/>
  <testcase classname="TestNg_Classes.TestNgOpportiunity" name="CreateOpportiunityPhone" time="8.431"/>
  <testcase classname="GenericUtilityClasses.BaseClass" name="@BeforeSuite configBS" time="0.0">
    <ignored/>
  </testcase> <!-- @BeforeSuite configBS -->
  <testcase classname="GenericUtilityClasses.BaseClass" name="@AfterSuite configAS" time="0.0">
    <ignored/>
  </testcase> <!-- @AfterSuite configAS -->
  <testcase classname="GenericUtilityClasses.BaseClass" name="@BeforeSuite configBS" time="0.0">
    <ignored/>
  </testcase> <!-- @BeforeSuite configBS -->
  <testcase classname="GenericUtilityClasses.BaseClass" name="@AfterSuite configAS" time="0.0">
    <ignored/>
  </testcase> <!-- @AfterSuite configAS -->
  <testcase classname="GenericUtilityClasses.BaseClass" name="@BeforeSuite configBS" time="0.0">
    <ignored/>
  </testcase> <!-- @BeforeSuite configBS -->
  <testcase classname="GenericUtilityClasses.BaseClass" name="@AfterSuite configAS" time="0.0">
    <ignored/>
  </testcase> <!-- @AfterSuite configAS -->
</testsuite> <!-- Test -->
