<?xml version="1.0" encoding="UTF-8"?>
<!-- Generated by org.testng.reporters.JUnitXMLReporter -->
<testsuite ignored="0" hostname="LAPTOP-8QI28HGD" failures="0" tests="4" name="Test" time="0.054" errors="0" timestamp="2025-07-02T10:00:14 IST">
  <testcase classname="Package1.ContactTest" name="createcontactTest" time="0.005"/>
  <testcase classname="Package1.ContactTest" name="modifycontactTest" time="0.0"/>
  <testcase classname="Package2.OrgTest" name="createcOrgTest" time="0.001"/>
  <testcase classname="Package2.OrgTest" name="modifyOrgTest" time="0.001"/>
</testsuite> <!-- Test -->
